2010/07/07 22:50:49 [error] [php] date(): It is not safe to rely on the system's timezone settings. You are *required* to use the date.timezone setting or the date_default_timezone_set() function. In case you used any of those methods and you are still getting this warning, you most likely misspelled the timezone identifier. We selected 'America/Sao_Paulo' for 'BRT/-3.0/no DST' instead (/var/www/thoth/gerenciador/protected/views/layouts/main.php:47)
Stack trace:
#0 /var/www/thoth/y11/framework/web/CBaseController.php(88): SiteController->renderInternal()
#1 /var/www/thoth/y11/framework/web/widgets/CContentDecorator.php(78): SiteController->renderFile()
#2 /var/www/thoth/y11/framework/web/widgets/CContentDecorator.php(56): CContentDecorator->decorate()
#3 /var/www/thoth/y11/framework/web/widgets/COutputProcessor.php(45): CContentDecorator->processOutput()
#4 /var/www/thoth/y11/framework/web/CBaseController.php(199): CContentDecorator->run()
#5 /var/www/thoth/y11/framework/web/CBaseController.php(294): SiteController->endWidget()
#6 /var/www/thoth/gerenciador/protected/views/layouts/column1.php(7): SiteController->endContent()
#7 /var/www/thoth/y11/framework/web/CBaseController.php(119): require()
#8 /var/www/thoth/y11/framework/web/CBaseController.php(88): SiteController->renderInternal()
#9 /var/www/thoth/y11/framework/web/CController.php(741): SiteController->renderFile()
#10 /var/www/thoth/gerenciador/protected/controllers/SiteController.php(32): SiteController->render()
#11 /var/www/thoth/y11/framework/web/actions/CInlineAction.php(32): SiteController->actionIndex()
#12 /var/www/thoth/y11/framework/web/CController.php(300): CInlineAction->run()
#13 /var/www/thoth/y11/framework/web/CController.php(278): SiteController->runAction()
#14 /var/www/thoth/y11/framework/web/CController.php(257): SiteController->runActionWithFilters()
#15 /var/www/thoth/y11/framework/web/CWebApplication.php(324): SiteController->run()
#16 /var/www/thoth/y11/framework/web/CWebApplication.php(121): CWebApplication->runController()
#17 /var/www/thoth/y11/framework/base/CApplication.php(135): CWebApplication->processRequest()
#18 /var/www/thoth/gerenciador/index.php(13): CWebApplication->run()
REQUEST_URI=/gerenciador/
in /var/www/thoth/gerenciador/protected/views/layouts/main.php (47)
in /var/www/thoth/gerenciador/protected/views/layouts/column1.php (7)
in /var/www/thoth/gerenciador/protected/controllers/SiteController.php (32)
2010/07/07 22:53:59 [error] [php] date() [<a href='function.date'>function.date</a>]: It is not safe to rely on the system's timezone settings. You are *required* to use the date.timezone setting or the date_default_timezone_set() function. In case you used any of those methods and you are still getting this warning, you most likely misspelled the timezone identifier. We selected 'America/Sao_Paulo' for 'BRT/-3.0/no DST' instead (/var/www/thoth/gerenciador/protected/views/layouts/main.php:47)
Stack trace:
#0 /var/www/thoth/y11/framework/web/CBaseController.php(88): SiteController->renderInternal()
#1 /var/www/thoth/y11/framework/web/widgets/CContentDecorator.php(78): SiteController->renderFile()
#2 /var/www/thoth/y11/framework/web/widgets/CContentDecorator.php(56): CContentDecorator->decorate()
#3 /var/www/thoth/y11/framework/web/widgets/COutputProcessor.php(45): CContentDecorator->processOutput()
#4 /var/www/thoth/y11/framework/web/CBaseController.php(199): CContentDecorator->run()
#5 /var/www/thoth/y11/framework/web/CBaseController.php(294): SiteController->endWidget()
#6 /var/www/thoth/gerenciador/protected/views/layouts/column1.php(7): SiteController->endContent()
#7 /var/www/thoth/y11/framework/web/CBaseController.php(119): require()
#8 /var/www/thoth/y11/framework/web/CBaseController.php(88): SiteController->renderInternal()
#9 /var/www/thoth/y11/framework/web/CController.php(741): SiteController->renderFile()
#10 /var/www/thoth/gerenciador/protected/controllers/SiteController.php(32): SiteController->render()
#11 /var/www/thoth/y11/framework/web/actions/CInlineAction.php(32): SiteController->actionIndex()
#12 /var/www/thoth/y11/framework/web/CController.php(300): CInlineAction->run()
#13 /var/www/thoth/y11/framework/web/CController.php(278): SiteController->runAction()
#14 /var/www/thoth/y11/framework/web/CController.php(257): SiteController->runActionWithFilters()
#15 /var/www/thoth/y11/framework/web/CWebApplication.php(324): SiteController->run()
#16 /var/www/thoth/y11/framework/web/CWebApplication.php(121): CWebApplication->runController()
#17 /var/www/thoth/y11/framework/base/CApplication.php(135): CWebApplication->processRequest()
#18 /var/www/thoth/gerenciador/index.php(13): CWebApplication->run()
REQUEST_URI=/gerenciador/
in /var/www/thoth/gerenciador/protected/views/layouts/main.php (47)
in /var/www/thoth/gerenciador/protected/views/layouts/column1.php (7)
in /var/www/thoth/gerenciador/protected/controllers/SiteController.php (32)
2010/07/07 22:54:02 [error] [php] date() [<a href='function.date'>function.date</a>]: It is not safe to rely on the system's timezone settings. You are *required* to use the date.timezone setting or the date_default_timezone_set() function. In case you used any of those methods and you are still getting this warning, you most likely misspelled the timezone identifier. We selected 'America/Sao_Paulo' for 'BRT/-3.0/no DST' instead (/var/www/thoth/gerenciador/protected/views/layouts/main.php:47)
Stack trace:
#0 /var/www/thoth/y11/framework/web/CBaseController.php(88): SiteController->renderInternal()
#1 /var/www/thoth/y11/framework/web/widgets/CContentDecorator.php(78): SiteController->renderFile()
#2 /var/www/thoth/y11/framework/web/widgets/CContentDecorator.php(56): CContentDecorator->decorate()
#3 /var/www/thoth/y11/framework/web/widgets/COutputProcessor.php(45): CContentDecorator->processOutput()
#4 /var/www/thoth/y11/framework/web/CBaseController.php(199): CContentDecorator->run()
#5 /var/www/thoth/y11/framework/web/CBaseController.php(294): SiteController->endWidget()
#6 /var/www/thoth/gerenciador/protected/views/layouts/column1.php(7): SiteController->endContent()
#7 /var/www/thoth/y11/framework/web/CBaseController.php(119): require()
#8 /var/www/thoth/y11/framework/web/CBaseController.php(88): SiteController->renderInternal()
#9 /var/www/thoth/y11/framework/web/CController.php(741): SiteController->renderFile()
#10 /var/www/thoth/gerenciador/protected/controllers/SiteController.php(32): SiteController->render()
#11 /var/www/thoth/y11/framework/web/actions/CInlineAction.php(32): SiteController->actionIndex()
#12 /var/www/thoth/y11/framework/web/CController.php(300): CInlineAction->run()
#13 /var/www/thoth/y11/framework/web/CController.php(278): SiteController->runAction()
#14 /var/www/thoth/y11/framework/web/CController.php(257): SiteController->runActionWithFilters()
#15 /var/www/thoth/y11/framework/web/CWebApplication.php(324): SiteController->run()
#16 /var/www/thoth/y11/framework/web/CWebApplication.php(121): CWebApplication->runController()
#17 /var/www/thoth/y11/framework/base/CApplication.php(135): CWebApplication->processRequest()
#18 /var/www/thoth/gerenciador/index.php(13): CWebApplication->run()
REQUEST_URI=/gerenciador/
in /var/www/thoth/gerenciador/protected/views/layouts/main.php (47)
in /var/www/thoth/gerenciador/protected/views/layouts/column1.php (7)
in /var/www/thoth/gerenciador/protected/controllers/SiteController.php (32)
2010/07/07 22:54:03 [error] [php] date() [<a href='function.date'>function.date</a>]: It is not safe to rely on the system's timezone settings. You are *required* to use the date.timezone setting or the date_default_timezone_set() function. In case you used any of those methods and you are still getting this warning, you most likely misspelled the timezone identifier. We selected 'America/Sao_Paulo' for 'BRT/-3.0/no DST' instead (/var/www/thoth/gerenciador/protected/views/layouts/main.php:47)
Stack trace:
#0 /var/www/thoth/y11/framework/web/CBaseController.php(88): SiteController->renderInternal()
#1 /var/www/thoth/y11/framework/web/widgets/CContentDecorator.php(78): SiteController->renderFile()
#2 /var/www/thoth/y11/framework/web/widgets/CContentDecorator.php(56): CContentDecorator->decorate()
#3 /var/www/thoth/y11/framework/web/widgets/COutputProcessor.php(45): CContentDecorator->processOutput()
#4 /var/www/thoth/y11/framework/web/CBaseController.php(199): CContentDecorator->run()
#5 /var/www/thoth/y11/framework/web/CBaseController.php(294): SiteController->endWidget()
#6 /var/www/thoth/gerenciador/protected/views/layouts/column1.php(7): SiteController->endContent()
#7 /var/www/thoth/y11/framework/web/CBaseController.php(119): require()
#8 /var/www/thoth/y11/framework/web/CBaseController.php(88): SiteController->renderInternal()
#9 /var/www/thoth/y11/framework/web/CController.php(741): SiteController->renderFile()
#10 /var/www/thoth/gerenciador/protected/controllers/SiteController.php(32): SiteController->render()
#11 /var/www/thoth/y11/framework/web/actions/CInlineAction.php(32): SiteController->actionIndex()
#12 /var/www/thoth/y11/framework/web/CController.php(300): CInlineAction->run()
#13 /var/www/thoth/y11/framework/web/CController.php(278): SiteController->runAction()
#14 /var/www/thoth/y11/framework/web/CController.php(257): SiteController->runActionWithFilters()
#15 /var/www/thoth/y11/framework/web/CWebApplication.php(324): SiteController->run()
#16 /var/www/thoth/y11/framework/web/CWebApplication.php(121): CWebApplication->runController()
#17 /var/www/thoth/y11/framework/base/CApplication.php(135): CWebApplication->processRequest()
#18 /var/www/thoth/gerenciador/index.php(13): CWebApplication->run()
REQUEST_URI=/gerenciador/
in /var/www/thoth/gerenciador/protected/views/layouts/main.php (47)
in /var/www/thoth/gerenciador/protected/views/layouts/column1.php (7)
in /var/www/thoth/gerenciador/protected/controllers/SiteController.php (32)
2010/07/07 22:54:03 [error] [php] date() [<a href='function.date'>function.date</a>]: It is not safe to rely on the system's timezone settings. You are *required* to use the date.timezone setting or the date_default_timezone_set() function. In case you used any of those methods and you are still getting this warning, you most likely misspelled the timezone identifier. We selected 'America/Sao_Paulo' for 'BRT/-3.0/no DST' instead (/var/www/thoth/gerenciador/protected/views/layouts/main.php:47)
Stack trace:
#0 /var/www/thoth/y11/framework/web/CBaseController.php(88): SiteController->renderInternal()
#1 /var/www/thoth/y11/framework/web/widgets/CContentDecorator.php(78): SiteController->renderFile()
#2 /var/www/thoth/y11/framework/web/widgets/CContentDecorator.php(56): CContentDecorator->decorate()
#3 /var/www/thoth/y11/framework/web/widgets/COutputProcessor.php(45): CContentDecorator->processOutput()
#4 /var/www/thoth/y11/framework/web/CBaseController.php(199): CContentDecorator->run()
#5 /var/www/thoth/y11/framework/web/CBaseController.php(294): SiteController->endWidget()
#6 /var/www/thoth/gerenciador/protected/views/layouts/column1.php(7): SiteController->endContent()
#7 /var/www/thoth/y11/framework/web/CBaseController.php(119): require()
#8 /var/www/thoth/y11/framework/web/CBaseController.php(88): SiteController->renderInternal()
#9 /var/www/thoth/y11/framework/web/CController.php(741): SiteController->renderFile()
#10 /var/www/thoth/gerenciador/protected/controllers/SiteController.php(32): SiteController->render()
#11 /var/www/thoth/y11/framework/web/actions/CInlineAction.php(32): SiteController->actionIndex()
#12 /var/www/thoth/y11/framework/web/CController.php(300): CInlineAction->run()
#13 /var/www/thoth/y11/framework/web/CController.php(278): SiteController->runAction()
#14 /var/www/thoth/y11/framework/web/CController.php(257): SiteController->runActionWithFilters()
#15 /var/www/thoth/y11/framework/web/CWebApplication.php(324): SiteController->run()
#16 /var/www/thoth/y11/framework/web/CWebApplication.php(121): CWebApplication->runController()
#17 /var/www/thoth/y11/framework/base/CApplication.php(135): CWebApplication->processRequest()
#18 /var/www/thoth/gerenciador/index.php(13): CWebApplication->run()
REQUEST_URI=/gerenciador/
in /var/www/thoth/gerenciador/protected/views/layouts/main.php (47)
in /var/www/thoth/gerenciador/protected/views/layouts/column1.php (7)
in /var/www/thoth/gerenciador/protected/controllers/SiteController.php (32)
2010/07/07 22:54:04 [error] [php] date() [<a href='function.date'>function.date</a>]: It is not safe to rely on the system's timezone settings. You are *required* to use the date.timezone setting or the date_default_timezone_set() function. In case you used any of those methods and you are still getting this warning, you most likely misspelled the timezone identifier. We selected 'America/Sao_Paulo' for 'BRT/-3.0/no DST' instead (/var/www/thoth/gerenciador/protected/views/layouts/main.php:47)
Stack trace:
#0 /var/www/thoth/y11/framework/web/CBaseController.php(88): SiteController->renderInternal()
#1 /var/www/thoth/y11/framework/web/widgets/CContentDecorator.php(78): SiteController->renderFile()
#2 /var/www/thoth/y11/framework/web/widgets/CContentDecorator.php(56): CContentDecorator->decorate()
#3 /var/www/thoth/y11/framework/web/widgets/COutputProcessor.php(45): CContentDecorator->processOutput()
#4 /var/www/thoth/y11/framework/web/CBaseController.php(199): CContentDecorator->run()
#5 /var/www/thoth/y11/framework/web/CBaseController.php(294): SiteController->endWidget()
#6 /var/www/thoth/gerenciador/protected/views/layouts/column1.php(7): SiteController->endContent()
#7 /var/www/thoth/y11/framework/web/CBaseController.php(119): require()
#8 /var/www/thoth/y11/framework/web/CBaseController.php(88): SiteController->renderInternal()
#9 /var/www/thoth/y11/framework/web/CController.php(741): SiteController->renderFile()
#10 /var/www/thoth/gerenciador/protected/controllers/SiteController.php(32): SiteController->render()
#11 /var/www/thoth/y11/framework/web/actions/CInlineAction.php(32): SiteController->actionIndex()
#12 /var/www/thoth/y11/framework/web/CController.php(300): CInlineAction->run()
#13 /var/www/thoth/y11/framework/web/CController.php(278): SiteController->runAction()
#14 /var/www/thoth/y11/framework/web/CController.php(257): SiteController->runActionWithFilters()
#15 /var/www/thoth/y11/framework/web/CWebApplication.php(324): SiteController->run()
#16 /var/www/thoth/y11/framework/web/CWebApplication.php(121): CWebApplication->runController()
#17 /var/www/thoth/y11/framework/base/CApplication.php(135): CWebApplication->processRequest()
#18 /var/www/thoth/gerenciador/index.php(13): CWebApplication->run()
REQUEST_URI=/gerenciador/
in /var/www/thoth/gerenciador/protected/views/layouts/main.php (47)
in /var/www/thoth/gerenciador/protected/views/layouts/column1.php (7)
in /var/www/thoth/gerenciador/protected/controllers/SiteController.php (32)
2010/07/07 22:54:04 [error] [php] date() [<a href='function.date'>function.date</a>]: It is not safe to rely on the system's timezone settings. You are *required* to use the date.timezone setting or the date_default_timezone_set() function. In case you used any of those methods and you are still getting this warning, you most likely misspelled the timezone identifier. We selected 'America/Sao_Paulo' for 'BRT/-3.0/no DST' instead (/var/www/thoth/gerenciador/protected/views/layouts/main.php:47)
Stack trace:
#0 /var/www/thoth/y11/framework/web/CBaseController.php(88): SiteController->renderInternal()
#1 /var/www/thoth/y11/framework/web/widgets/CContentDecorator.php(78): SiteController->renderFile()
#2 /var/www/thoth/y11/framework/web/widgets/CContentDecorator.php(56): CContentDecorator->decorate()
#3 /var/www/thoth/y11/framework/web/widgets/COutputProcessor.php(45): CContentDecorator->processOutput()
#4 /var/www/thoth/y11/framework/web/CBaseController.php(199): CContentDecorator->run()
#5 /var/www/thoth/y11/framework/web/CBaseController.php(294): SiteController->endWidget()
#6 /var/www/thoth/gerenciador/protected/views/layouts/column1.php(7): SiteController->endContent()
#7 /var/www/thoth/y11/framework/web/CBaseController.php(119): require()
#8 /var/www/thoth/y11/framework/web/CBaseController.php(88): SiteController->renderInternal()
#9 /var/www/thoth/y11/framework/web/CController.php(741): SiteController->renderFile()
#10 /var/www/thoth/gerenciador/protected/controllers/SiteController.php(32): SiteController->render()
#11 /var/www/thoth/y11/framework/web/actions/CInlineAction.php(32): SiteController->actionIndex()
#12 /var/www/thoth/y11/framework/web/CController.php(300): CInlineAction->run()
#13 /var/www/thoth/y11/framework/web/CController.php(278): SiteController->runAction()
#14 /var/www/thoth/y11/framework/web/CController.php(257): SiteController->runActionWithFilters()
#15 /var/www/thoth/y11/framework/web/CWebApplication.php(324): SiteController->run()
#16 /var/www/thoth/y11/framework/web/CWebApplication.php(121): CWebApplication->runController()
#17 /var/www/thoth/y11/framework/base/CApplication.php(135): CWebApplication->processRequest()
#18 /var/www/thoth/gerenciador/index.php(13): CWebApplication->run()
REQUEST_URI=/gerenciador/
in /var/www/thoth/gerenciador/protected/views/layouts/main.php (47)
in /var/www/thoth/gerenciador/protected/views/layouts/column1.php (7)
in /var/www/thoth/gerenciador/protected/controllers/SiteController.php (32)
2010/07/07 22:54:04 [error] [php] date() [<a href='function.date'>function.date</a>]: It is not safe to rely on the system's timezone settings. You are *required* to use the date.timezone setting or the date_default_timezone_set() function. In case you used any of those methods and you are still getting this warning, you most likely misspelled the timezone identifier. We selected 'America/Sao_Paulo' for 'BRT/-3.0/no DST' instead (/var/www/thoth/gerenciador/protected/views/layouts/main.php:47)
Stack trace:
#0 /var/www/thoth/y11/framework/web/CBaseController.php(88): SiteController->renderInternal()
#1 /var/www/thoth/y11/framework/web/widgets/CContentDecorator.php(78): SiteController->renderFile()
#2 /var/www/thoth/y11/framework/web/widgets/CContentDecorator.php(56): CContentDecorator->decorate()
#3 /var/www/thoth/y11/framework/web/widgets/COutputProcessor.php(45): CContentDecorator->processOutput()
#4 /var/www/thoth/y11/framework/web/CBaseController.php(199): CContentDecorator->run()
#5 /var/www/thoth/y11/framework/web/CBaseController.php(294): SiteController->endWidget()
#6 /var/www/thoth/gerenciador/protected/views/layouts/column1.php(7): SiteController->endContent()
#7 /var/www/thoth/y11/framework/web/CBaseController.php(119): require()
#8 /var/www/thoth/y11/framework/web/CBaseController.php(88): SiteController->renderInternal()
#9 /var/www/thoth/y11/framework/web/CController.php(741): SiteController->renderFile()
#10 /var/www/thoth/gerenciador/protected/controllers/SiteController.php(32): SiteController->render()
#11 /var/www/thoth/y11/framework/web/actions/CInlineAction.php(32): SiteController->actionIndex()
#12 /var/www/thoth/y11/framework/web/CController.php(300): CInlineAction->run()
#13 /var/www/thoth/y11/framework/web/CController.php(278): SiteController->runAction()
#14 /var/www/thoth/y11/framework/web/CController.php(257): SiteController->runActionWithFilters()
#15 /var/www/thoth/y11/framework/web/CWebApplication.php(324): SiteController->run()
#16 /var/www/thoth/y11/framework/web/CWebApplication.php(121): CWebApplication->runController()
#17 /var/www/thoth/y11/framework/base/CApplication.php(135): CWebApplication->processRequest()
#18 /var/www/thoth/gerenciador/index.php(13): CWebApplication->run()
REQUEST_URI=/gerenciador/
in /var/www/thoth/gerenciador/protected/views/layouts/main.php (47)
in /var/www/thoth/gerenciador/protected/views/layouts/column1.php (7)
in /var/www/thoth/gerenciador/protected/controllers/SiteController.php (32)
2010/07/07 22:54:11 [error] [php] date() [<a href='function.date'>function.date</a>]: It is not safe to rely on the system's timezone settings. You are *required* to use the date.timezone setting or the date_default_timezone_set() function. In case you used any of those methods and you are still getting this warning, you most likely misspelled the timezone identifier. We selected 'America/Sao_Paulo' for 'BRT/-3.0/no DST' instead (/var/www/thoth/gerenciador/protected/views/layouts/main.php:47)
Stack trace:
#0 /var/www/thoth/y11/framework/web/CBaseController.php(88): SiteController->renderInternal()
#1 /var/www/thoth/y11/framework/web/widgets/CContentDecorator.php(78): SiteController->renderFile()
#2 /var/www/thoth/y11/framework/web/widgets/CContentDecorator.php(56): CContentDecorator->decorate()
#3 /var/www/thoth/y11/framework/web/widgets/COutputProcessor.php(45): CContentDecorator->processOutput()
#4 /var/www/thoth/y11/framework/web/CBaseController.php(199): CContentDecorator->run()
#5 /var/www/thoth/y11/framework/web/CBaseController.php(294): SiteController->endWidget()
#6 /var/www/thoth/gerenciador/protected/views/layouts/column1.php(7): SiteController->endContent()
#7 /var/www/thoth/y11/framework/web/CBaseController.php(119): require()
#8 /var/www/thoth/y11/framework/web/CBaseController.php(88): SiteController->renderInternal()
#9 /var/www/thoth/y11/framework/web/CController.php(741): SiteController->renderFile()
#10 /var/www/thoth/gerenciador/protected/controllers/SiteController.php(32): SiteController->render()
#11 /var/www/thoth/y11/framework/web/actions/CInlineAction.php(32): SiteController->actionIndex()
#12 /var/www/thoth/y11/framework/web/CController.php(300): CInlineAction->run()
#13 /var/www/thoth/y11/framework/web/CController.php(278): SiteController->runAction()
#14 /var/www/thoth/y11/framework/web/CController.php(257): SiteController->runActionWithFilters()
#15 /var/www/thoth/y11/framework/web/CWebApplication.php(324): SiteController->run()
#16 /var/www/thoth/y11/framework/web/CWebApplication.php(121): CWebApplication->runController()
#17 /var/www/thoth/y11/framework/base/CApplication.php(135): CWebApplication->processRequest()
#18 /var/www/thoth/gerenciador/index.php(13): CWebApplication->run()
REQUEST_URI=/gerenciador/
in /var/www/thoth/gerenciador/protected/views/layouts/main.php (47)
in /var/www/thoth/gerenciador/protected/views/layouts/column1.php (7)
in /var/www/thoth/gerenciador/protected/controllers/SiteController.php (32)
2010/07/08 18:11:36 [error] [php] date(): It is not safe to rely on the system's timezone settings. You are *required* to use the date.timezone setting or the date_default_timezone_set() function. In case you used any of those methods and you are still getting this warning, you most likely misspelled the timezone identifier. We selected 'America/Sao_Paulo' for 'BRT/-3.0/no DST' instead (/var/www/thoth/gerenciador/protected/views/layouts/main.php:47)
Stack trace:
#0 /var/www/thoth/yii/1.1.3/framework/web/CBaseController.php(88): SiteController->renderInternal()
#1 /var/www/thoth/yii/1.1.3/framework/web/widgets/CContentDecorator.php(78): SiteController->renderFile()
#2 /var/www/thoth/yii/1.1.3/framework/web/widgets/CContentDecorator.php(56): CContentDecorator->decorate()
#3 /var/www/thoth/yii/1.1.3/framework/web/widgets/COutputProcessor.php(45): CContentDecorator->processOutput()
#4 /var/www/thoth/yii/1.1.3/framework/web/CBaseController.php(199): CContentDecorator->run()
#5 /var/www/thoth/yii/1.1.3/framework/web/CBaseController.php(294): SiteController->endWidget()
#6 /var/www/thoth/gerenciador/protected/views/layouts/column1.php(7): SiteController->endContent()
#7 /var/www/thoth/yii/1.1.3/framework/web/CBaseController.php(119): require()
#8 /var/www/thoth/yii/1.1.3/framework/web/CBaseController.php(88): SiteController->renderInternal()
#9 /var/www/thoth/yii/1.1.3/framework/web/CController.php(741): SiteController->renderFile()
#10 /var/www/thoth/gerenciador/protected/controllers/SiteController.php(32): SiteController->render()
#11 /var/www/thoth/yii/1.1.3/framework/web/actions/CInlineAction.php(32): SiteController->actionIndex()
#12 /var/www/thoth/yii/1.1.3/framework/web/CController.php(300): CInlineAction->run()
#13 /var/www/thoth/yii/1.1.3/framework/web/CController.php(278): SiteController->runAction()
#14 /var/www/thoth/yii/1.1.3/framework/web/CController.php(257): SiteController->runActionWithFilters()
#15 /var/www/thoth/yii/1.1.3/framework/web/CWebApplication.php(324): SiteController->run()
#16 /var/www/thoth/yii/1.1.3/framework/web/CWebApplication.php(121): CWebApplication->runController()
#17 /var/www/thoth/yii/1.1.3/framework/base/CApplication.php(135): CWebApplication->processRequest()
#18 /var/www/thoth/gerenciador/index.php(13): CWebApplication->run()
#19 /var/www/thoth/yii/1.1.3/framework/cli/commands/ShellCommand.php(78): require()
#20 /var/www/thoth/yii/1.1.3/framework/console/CConsoleCommandRunner.php(62): ShellCommand->run()
#21 /var/www/thoth/yii/1.1.3/framework/console/CConsoleApplication.php(88): CConsoleCommandRunner->run()
#22 /var/www/thoth/yii/1.1.3/framework/base/CApplication.php(135): CConsoleApplication->processRequest()
#23 /var/www/thoth/yii/1.1.3/framework/yiic.php(33): CConsoleApplication->run()
#24 /var/www/thoth/gerenciador/protected/yiic.php(7): require_once()
#25 /var/www/thoth/gerenciador/protected/yiic(4): require_once()
REQUEST_URI=/index.php
2010/07/08 18:12:57 [error] [php] date(): It is not safe to rely on the system's timezone settings. You are *required* to use the date.timezone setting or the date_default_timezone_set() function. In case you used any of those methods and you are still getting this warning, you most likely misspelled the timezone identifier. We selected 'America/Sao_Paulo' for 'BRT/-3.0/no DST' instead (/var/www/thoth/gerenciador/protected/views/layouts/main.php:47)
Stack trace:
#0 /var/www/thoth/yii/1.1.3/framework/web/CBaseController.php(88): SiteController->renderInternal()
#1 /var/www/thoth/yii/1.1.3/framework/web/widgets/CContentDecorator.php(78): SiteController->renderFile()
#2 /var/www/thoth/yii/1.1.3/framework/web/widgets/CContentDecorator.php(56): CContentDecorator->decorate()
#3 /var/www/thoth/yii/1.1.3/framework/web/widgets/COutputProcessor.php(45): CContentDecorator->processOutput()
#4 /var/www/thoth/yii/1.1.3/framework/web/CBaseController.php(199): CContentDecorator->run()
#5 /var/www/thoth/yii/1.1.3/framework/web/CBaseController.php(294): SiteController->endWidget()
#6 /var/www/thoth/gerenciador/protected/views/layouts/column1.php(7): SiteController->endContent()
#7 /var/www/thoth/yii/1.1.3/framework/web/CBaseController.php(119): require()
#8 /var/www/thoth/yii/1.1.3/framework/web/CBaseController.php(88): SiteController->renderInternal()
#9 /var/www/thoth/yii/1.1.3/framework/web/CController.php(741): SiteController->renderFile()
#10 /var/www/thoth/gerenciador/protected/controllers/SiteController.php(32): SiteController->render()
#11 /var/www/thoth/yii/1.1.3/framework/web/actions/CInlineAction.php(32): SiteController->actionIndex()
#12 /var/www/thoth/yii/1.1.3/framework/web/CController.php(300): CInlineAction->run()
#13 /var/www/thoth/yii/1.1.3/framework/web/CController.php(278): SiteController->runAction()
#14 /var/www/thoth/yii/1.1.3/framework/web/CController.php(257): SiteController->runActionWithFilters()
#15 /var/www/thoth/yii/1.1.3/framework/web/CWebApplication.php(324): SiteController->run()
#16 /var/www/thoth/yii/1.1.3/framework/web/CWebApplication.php(121): CWebApplication->runController()
#17 /var/www/thoth/yii/1.1.3/framework/base/CApplication.php(135): CWebApplication->processRequest()
#18 /var/www/thoth/gerenciador/index.php(13): CWebApplication->run()
#19 /var/www/thoth/yii/1.1.3/framework/cli/commands/ShellCommand.php(78): require()
#20 /var/www/thoth/yii/1.1.3/framework/console/CConsoleCommandRunner.php(62): ShellCommand->run()
#21 /var/www/thoth/yii/1.1.3/framework/console/CConsoleApplication.php(88): CConsoleCommandRunner->run()
#22 /var/www/thoth/yii/1.1.3/framework/base/CApplication.php(135): CConsoleApplication->processRequest()
#23 /var/www/thoth/yii/1.1.3/framework/yiic.php(33): CConsoleApplication->run()
#24 /var/www/thoth/gerenciador/protected/yiic.php(7): require_once()
#25 /var/www/thoth/gerenciador/protected/yiic(4): require_once()
REQUEST_URI=/index.php
2010/07/08 18:13:49 [error] [php] date(): It is not safe to rely on the system's timezone settings. You are *required* to use the date.timezone setting or the date_default_timezone_set() function. In case you used any of those methods and you are still getting this warning, you most likely misspelled the timezone identifier. We selected 'America/Sao_Paulo' for 'BRT/-3.0/no DST' instead (/var/www/thoth/gerenciador/protected/views/layouts/main.php:47)
Stack trace:
#0 /var/www/thoth/yii/1.1.3/framework/web/CBaseController.php(88): SiteController->renderInternal()
#1 /var/www/thoth/yii/1.1.3/framework/web/widgets/CContentDecorator.php(78): SiteController->renderFile()
#2 /var/www/thoth/yii/1.1.3/framework/web/widgets/CContentDecorator.php(56): CContentDecorator->decorate()
#3 /var/www/thoth/yii/1.1.3/framework/web/widgets/COutputProcessor.php(45): CContentDecorator->processOutput()
#4 /var/www/thoth/yii/1.1.3/framework/web/CBaseController.php(199): CContentDecorator->run()
#5 /var/www/thoth/yii/1.1.3/framework/web/CBaseController.php(294): SiteController->endWidget()
#6 /var/www/thoth/gerenciador/protected/views/layouts/column1.php(7): SiteController->endContent()
#7 /var/www/thoth/yii/1.1.3/framework/web/CBaseController.php(119): require()
#8 /var/www/thoth/yii/1.1.3/framework/web/CBaseController.php(88): SiteController->renderInternal()
#9 /var/www/thoth/yii/1.1.3/framework/web/CController.php(741): SiteController->renderFile()
#10 /var/www/thoth/gerenciador/protected/controllers/SiteController.php(32): SiteController->render()
#11 /var/www/thoth/yii/1.1.3/framework/web/actions/CInlineAction.php(32): SiteController->actionIndex()
#12 /var/www/thoth/yii/1.1.3/framework/web/CController.php(300): CInlineAction->run()
#13 /var/www/thoth/yii/1.1.3/framework/web/CController.php(278): SiteController->runAction()
#14 /var/www/thoth/yii/1.1.3/framework/web/CController.php(257): SiteController->runActionWithFilters()
#15 /var/www/thoth/yii/1.1.3/framework/web/CWebApplication.php(324): SiteController->run()
#16 /var/www/thoth/yii/1.1.3/framework/web/CWebApplication.php(121): CWebApplication->runController()
#17 /var/www/thoth/yii/1.1.3/framework/base/CApplication.php(135): CWebApplication->processRequest()
#18 /var/www/thoth/gerenciador/index.php(13): CWebApplication->run()
#19 /var/www/thoth/yii/1.1.3/framework/cli/commands/ShellCommand.php(78): require()
#20 /var/www/thoth/yii/1.1.3/framework/console/CConsoleCommandRunner.php(62): ShellCommand->run()
#21 /var/www/thoth/yii/1.1.3/framework/console/CConsoleApplication.php(88): CConsoleCommandRunner->run()
#22 /var/www/thoth/yii/1.1.3/framework/base/CApplication.php(135): CConsoleApplication->processRequest()
#23 /var/www/thoth/yii/1.1.3/framework/yiic.php(33): CConsoleApplication->run()
#24 /var/www/thoth/gerenciador/protected/yiic.php(7): require_once()
#25 /var/www/thoth/gerenciador/protected/yiic(4): require_once()
REQUEST_URI=/index.php
2010/07/08 18:13:56 [error] [php] date(): It is not safe to rely on the system's timezone settings. You are *required* to use the date.timezone setting or the date_default_timezone_set() function. In case you used any of those methods and you are still getting this warning, you most likely misspelled the timezone identifier. We selected 'America/Sao_Paulo' for 'BRT/-3.0/no DST' instead (/var/www/thoth/gerenciador/protected/views/layouts/main.php:47)
Stack trace:
#0 /var/www/thoth/yii/1.1.3/framework/web/CBaseController.php(88): SiteController->renderInternal()
#1 /var/www/thoth/yii/1.1.3/framework/web/widgets/CContentDecorator.php(78): SiteController->renderFile()
#2 /var/www/thoth/yii/1.1.3/framework/web/widgets/CContentDecorator.php(56): CContentDecorator->decorate()
#3 /var/www/thoth/yii/1.1.3/framework/web/widgets/COutputProcessor.php(45): CContentDecorator->processOutput()
#4 /var/www/thoth/yii/1.1.3/framework/web/CBaseController.php(199): CContentDecorator->run()
#5 /var/www/thoth/yii/1.1.3/framework/web/CBaseController.php(294): SiteController->endWidget()
#6 /var/www/thoth/gerenciador/protected/views/layouts/column1.php(7): SiteController->endContent()
#7 /var/www/thoth/yii/1.1.3/framework/web/CBaseController.php(119): require()
#8 /var/www/thoth/yii/1.1.3/framework/web/CBaseController.php(88): SiteController->renderInternal()
#9 /var/www/thoth/yii/1.1.3/framework/web/CController.php(741): SiteController->renderFile()
#10 /var/www/thoth/gerenciador/protected/controllers/SiteController.php(32): SiteController->render()
#11 /var/www/thoth/yii/1.1.3/framework/web/actions/CInlineAction.php(32): SiteController->actionIndex()
#12 /var/www/thoth/yii/1.1.3/framework/web/CController.php(300): CInlineAction->run()
#13 /var/www/thoth/yii/1.1.3/framework/web/CController.php(278): SiteController->runAction()
#14 /var/www/thoth/yii/1.1.3/framework/web/CController.php(257): SiteController->runActionWithFilters()
#15 /var/www/thoth/yii/1.1.3/framework/web/CWebApplication.php(324): SiteController->run()
#16 /var/www/thoth/yii/1.1.3/framework/web/CWebApplication.php(121): CWebApplication->runController()
#17 /var/www/thoth/yii/1.1.3/framework/base/CApplication.php(135): CWebApplication->processRequest()
#18 /var/www/thoth/gerenciador/index.php(13): CWebApplication->run()
#19 /var/www/thoth/yii/1.1.3/framework/cli/commands/ShellCommand.php(78): require()
#20 /var/www/thoth/yii/1.1.3/framework/console/CConsoleCommandRunner.php(62): ShellCommand->run()
#21 /var/www/thoth/yii/1.1.3/framework/console/CConsoleApplication.php(88): CConsoleCommandRunner->run()
#22 /var/www/thoth/yii/1.1.3/framework/base/CApplication.php(135): CConsoleApplication->processRequest()
#23 /var/www/thoth/yii/1.1.3/framework/yiic.php(33): CConsoleApplication->run()
#24 /var/www/thoth/gerenciador/protected/yiic.php(7): require_once()
#25 /var/www/thoth/gerenciador/protected/yiic(4): require_once()
REQUEST_URI=/index.php
2010/07/08 18:14:29 [error] [php] date(): It is not safe to rely on the system's timezone settings. You are *required* to use the date.timezone setting or the date_default_timezone_set() function. In case you used any of those methods and you are still getting this warning, you most likely misspelled the timezone identifier. We selected 'America/Sao_Paulo' for 'BRT/-3.0/no DST' instead (/var/www/thoth/gerenciador/protected/views/layouts/main.php:47)
Stack trace:
#0 /var/www/thoth/yii/1.1.3/framework/web/CBaseController.php(88): SiteController->renderInternal()
#1 /var/www/thoth/yii/1.1.3/framework/web/widgets/CContentDecorator.php(78): SiteController->renderFile()
#2 /var/www/thoth/yii/1.1.3/framework/web/widgets/CContentDecorator.php(56): CContentDecorator->decorate()
#3 /var/www/thoth/yii/1.1.3/framework/web/widgets/COutputProcessor.php(45): CContentDecorator->processOutput()
#4 /var/www/thoth/yii/1.1.3/framework/web/CBaseController.php(199): CContentDecorator->run()
#5 /var/www/thoth/yii/1.1.3/framework/web/CBaseController.php(294): SiteController->endWidget()
#6 /var/www/thoth/gerenciador/protected/views/layouts/column1.php(7): SiteController->endContent()
#7 /var/www/thoth/yii/1.1.3/framework/web/CBaseController.php(119): require()
#8 /var/www/thoth/yii/1.1.3/framework/web/CBaseController.php(88): SiteController->renderInternal()
#9 /var/www/thoth/yii/1.1.3/framework/web/CController.php(741): SiteController->renderFile()
#10 /var/www/thoth/gerenciador/protected/controllers/SiteController.php(32): SiteController->render()
#11 /var/www/thoth/yii/1.1.3/framework/web/actions/CInlineAction.php(32): SiteController->actionIndex()
#12 /var/www/thoth/yii/1.1.3/framework/web/CController.php(300): CInlineAction->run()
#13 /var/www/thoth/yii/1.1.3/framework/web/CController.php(278): SiteController->runAction()
#14 /var/www/thoth/yii/1.1.3/framework/web/CController.php(257): SiteController->runActionWithFilters()
#15 /var/www/thoth/yii/1.1.3/framework/web/CWebApplication.php(324): SiteController->run()
#16 /var/www/thoth/yii/1.1.3/framework/web/CWebApplication.php(121): CWebApplication->runController()
#17 /var/www/thoth/yii/1.1.3/framework/base/CApplication.php(135): CWebApplication->processRequest()
#18 /var/www/thoth/gerenciador/index.php(13): CWebApplication->run()
#19 /var/www/thoth/yii/1.1.3/framework/cli/commands/ShellCommand.php(78): require()
#20 /var/www/thoth/yii/1.1.3/framework/console/CConsoleCommandRunner.php(62): ShellCommand->run()
#21 /var/www/thoth/yii/1.1.3/framework/console/CConsoleApplication.php(88): CConsoleCommandRunner->run()
#22 /var/www/thoth/yii/1.1.3/framework/base/CApplication.php(135): CConsoleApplication->processRequest()
#23 /var/www/thoth/yii/1.1.3/framework/yiic.php(33): CConsoleApplication->run()
#24 /var/www/thoth/gerenciador/protected/yiic.php(7): require_once()
#25 /var/www/thoth/gerenciador/protected/yiic(4): require_once()
REQUEST_URI=/index.php
2010/07/08 18:15:08 [error] [php] date(): It is not safe to rely on the system's timezone settings. You are *required* to use the date.timezone setting or the date_default_timezone_set() function. In case you used any of those methods and you are still getting this warning, you most likely misspelled the timezone identifier. We selected 'America/Sao_Paulo' for 'BRT/-3.0/no DST' instead (/var/www/thoth/gerenciador/protected/views/layouts/main.php:47)
Stack trace:
#0 /var/www/thoth/yii/1.1.3/framework/web/CBaseController.php(88): SiteController->renderInternal()
#1 /var/www/thoth/yii/1.1.3/framework/web/widgets/CContentDecorator.php(78): SiteController->renderFile()
#2 /var/www/thoth/yii/1.1.3/framework/web/widgets/CContentDecorator.php(56): CContentDecorator->decorate()
#3 /var/www/thoth/yii/1.1.3/framework/web/widgets/COutputProcessor.php(45): CContentDecorator->processOutput()
#4 /var/www/thoth/yii/1.1.3/framework/web/CBaseController.php(199): CContentDecorator->run()
#5 /var/www/thoth/yii/1.1.3/framework/web/CBaseController.php(294): SiteController->endWidget()
#6 /var/www/thoth/gerenciador/protected/views/layouts/column1.php(7): SiteController->endContent()
#7 /var/www/thoth/yii/1.1.3/framework/web/CBaseController.php(119): require()
#8 /var/www/thoth/yii/1.1.3/framework/web/CBaseController.php(88): SiteController->renderInternal()
#9 /var/www/thoth/yii/1.1.3/framework/web/CController.php(741): SiteController->renderFile()
#10 /var/www/thoth/gerenciador/protected/controllers/SiteController.php(32): SiteController->render()
#11 /var/www/thoth/yii/1.1.3/framework/web/actions/CInlineAction.php(32): SiteController->actionIndex()
#12 /var/www/thoth/yii/1.1.3/framework/web/CController.php(300): CInlineAction->run()
#13 /var/www/thoth/yii/1.1.3/framework/web/CController.php(278): SiteController->runAction()
#14 /var/www/thoth/yii/1.1.3/framework/web/CController.php(257): SiteController->runActionWithFilters()
#15 /var/www/thoth/yii/1.1.3/framework/web/CWebApplication.php(324): SiteController->run()
#16 /var/www/thoth/yii/1.1.3/framework/web/CWebApplication.php(121): CWebApplication->runController()
#17 /var/www/thoth/yii/1.1.3/framework/base/CApplication.php(135): CWebApplication->processRequest()
#18 /var/www/thoth/gerenciador/index.php(13): CWebApplication->run()
#19 /var/www/thoth/yii/1.1.3/framework/cli/commands/ShellCommand.php(78): require()
#20 /var/www/thoth/yii/1.1.3/framework/console/CConsoleCommandRunner.php(62): ShellCommand->run()
#21 /var/www/thoth/yii/1.1.3/framework/console/CConsoleApplication.php(88): CConsoleCommandRunner->run()
#22 /var/www/thoth/yii/1.1.3/framework/base/CApplication.php(135): CConsoleApplication->processRequest()
#23 /var/www/thoth/yii/1.1.3/framework/yiic.php(33): CConsoleApplication->run()
#24 /var/www/thoth/gerenciador/protected/yiic.php(7): require_once()
#25 /var/www/thoth/gerenciador/protected/yiic(4): require_once()
REQUEST_URI=/index.php
